eeschema (2012-apr-16-27)-stable  >> Creation date: Sun 29 Mar 2015 09:56:52 PM PHT

#Cmp ( order = Reference )
| C1         0.1uF       
| C2         0.1uF       
| C3         4.7uF       
| C4         0.22uf      
| C5         0.1.uF      
| C6         2.2nF       
| C7         0.1uF       
| C8         10nF        
| C9         0.1uF       
| R1         4.7k        
| R2         4.7k        
| U1         ADXL345     
| U2         ITG-3200    
| U3         HMC5883L    
#End Cmp

#Cmp ( order = Value )
| 0.1.uF       C5        
| 0.1uF        C1        
| 0.1uF        C2        
| 0.1uF        C7        
| 0.1uF        C9        
| 0.22uf       C4        
| 10nF         C8        
| 2.2nF        C6        
| 4.7k         R1        
| 4.7k         R2        
| 4.7uF        C3        
| ADXL345      U1        
| HMC5883L     U3        
| ITG-3200     U2        
#End Cmp

#End List
